<?xml version="1.0" encoding="UTF-8"?>
<!-- Generated by org.testng.reporters.JUnitXMLReporter -->
<testsuite hostname="Muttha-S" ignored="0" name="Test" tests="1" failures="1" timestamp="2022-01-30T12:46:30 IST" time="22.56" errors="0">
  <testcase name="feature" time="22.245" classname="testRunner.TestRunnerClass">
    <failure type="cucumber.runtime.CucumberException" message="java.lang.AssertionError: expected [https://opensource-demo.orangehrmlive.com/index.php/auth/validateCredentials] but found [https://opensource-demo.orangehrmlive.com/index.php/dashboard]">
      <![CDATA[cucumber.runtime.CucumberException: java.lang.AssertionError: expected [https://opensource-demo.orangehrmlive.com/index.php/auth/validateCredentials] but found [https://opensource-demo.orangehrmlive.com/index.php/dashboard]
at cucumber.api.testng.TestNGCucumberRunner.runCucumber(TestNGCucumberRunner.java:69)
at testRunner.TestRunnerClass.feature(TestRunnerClass.java:35)
at java.util.ArrayList.forEach(ArrayList.java:1257)
Caused by: java.lang.AssertionError: expected [https://opensource-demo.orangehrmlive.com/index.php/auth/validateCredentials] but found [https://opensource-demo.orangehrmlive.com/index.php/dashboard]
at stepDefinitions.LoginPageSteps.dashBoardPage(LoginPageSteps.java:60)
at âœ½.Then It Will Display the DashBoard of Orange HRM System(Features/OrangeHRMLogin.feature:13)
... Removed 33 stack frames]]>
    </failure>
  </testcase> <!-- feature -->
</testsuite> <!-- Test -->
